<?xml version="1.0" encoding="UTF-8"?>
<!-- Generated by org.testng.reporters.JUnitReportReporter -->
<testsuite skipped="0" hostname="LAPTOP-UKPFJ852" name="FlipkartTest" tests="1" failures="0" timestamp="2021-09-28T19:22:29 IST" time="11.918" errors="0">
  <testcase name="testMethod" time="11.918" classname="FlipkartTest"/>
  <system-out/>
</testsuite> <!-- FlipkartTest -->
