<?xml version="1.0" encoding="UTF-8"?>
<!-- Generated by org.testng.reporters.JUnitReportReporter -->
<testsuite skipped="0" hostname="LAPTOP-UKPFJ852" name="com.test.scripts.FlipkartTest" tests="1" failures="0" timestamp="2021-09-29T01:57:24 IST" time="17.152" errors="0">
  <testcase name="testMethod" time="17.152" classname="com.test.scripts.FlipkartTest"/>
  <system-out/>
</testsuite> <!-- com.test.scripts.FlipkartTest -->
