<?xml version="1.0" encoding="UTF-8"?>
<!-- Generated by org.testng.reporters.JUnitReportReporter -->
<testsuite skipped="0" hostname="LAPTOP-UKPFJ852" name="com.test.scripts.AmazonTest" tests="1" failures="0" timestamp="2021-09-29T01:29:20 IST" time="27.971" errors="0">
  <testcase name="testMethod" time="27.971" classname="com.test.scripts.AmazonTest"/>
  <system-out/>
</testsuite> <!-- com.test.scripts.AmazonTest -->
